Using pre-set license
Built from '2020.3/staging' branch; Version is '2020.3.11f1 (99c7afb366b3) revision 10078127'; Using compiler version '192528614'; Build Type 'Release'
OS: 'Windows 10 Home; OS build 19043.1466; Version 2009; 64bit' Language: 'en' Physical Memory: 16226 MB
BatchMode: 1, IsHumanControllingUs: 0, StartBugReporterOnCrash: 0, Is64bit: 1, IsPro: 0

 COMMAND LINE ARGUMENTS:
D:\Ohjelmat\Unity\Editor\2020.3.11f1\Editor\Unity.exe
-adb2
-batchMode
-noUpm
-name
AssetImportWorker0
-projectPath
D:/Peliprojektit/Projektit/JamJam2020/JamJam-peli
-logFile
Logs/AssetImportWorker0.log
-srvPort
52235
Successfully changed project path to: D:/Peliprojektit/Projektit/JamJam2020/JamJam-peli
D:/Peliprojektit/Projektit/JamJam2020/JamJam-peli
Using Asset Import Pipeline V2.
Refreshing native plugins compatible for Editor in 27.85 ms, found 2 plugins.
Preloading 0 native plugins for Editor in 0.00 ms.
Initialize engine version: 2020.3.11f1 (99c7afb366b3)
[Subsystems] Discovering subsystems at path D:/Ohjelmat/Unity/Editor/2020.3.11f1/Editor/Data/Resources/UnitySubsystems
[Subsystems] Discovering subsystems at path D:/Peliprojektit/Projektit/JamJam2020/JamJam-peli/Assets
GfxDevice: creating device client; threaded=0
Direct3D:
    Version:  Direct3D 11.0 [level 11.1]
    Renderer: NVIDIA GeForce GTX 1060 (ID=0x1c20)
    Vendor:   
    VRAM:     6052 MB
    Driver:   30.0.15.1123
Initialize mono
Mono path[0] = 'D:/Ohjelmat/Unity/Editor/2020.3.11f1/Editor/Data/Managed'
Mono path[1] = 'D:/Ohjelmat/Unity/Editor/2020.3.11f1/Editor/Data/MonoBleedingEdge/lib/mono/unityjit'
Mono config path = 'D:/Ohjelmat/Unity/Editor/2020.3.11f1/Editor/Data/MonoBleedingEdge/etc'
Using monoOptions --debugger-agent=transport=dt_socket,embedding=1,server=y,suspend=n,address=127.0.0.1:56552
Begin MonoManager ReloadAssembly
Registering precompiled unity dll's ...
Register platform support module: D:/Ohjelmat/Unity/Editor/2020.3.11f1/Editor/Data/PlaybackEngines/WindowsStandaloneSupport/UnityEditor.WindowsStandalone.Extensions.dll
Registered in 0.001424 seconds.
Native extension for WindowsStandalone target not found
Refreshing native plugins compatible for Editor in 24.15 ms, found 2 plugins.
Preloading 0 native plugins for Editor in 0.00 ms.
Mono: successfully reloaded assembly
- Completed reload, in  0.950 seconds
Platform modules already initialized, skipping
Registering precompiled user dll's ...
Registered in 0.003570 seconds.
Begin MonoManager ReloadAssembly
Native extension for WindowsStandalone target not found
Refreshing native plugins compatible for Editor in 0.28 ms, found 2 plugins.
Preloading 0 native plugins for Editor in 0.00 ms.
Mono: successfully reloaded assembly
- Completed reload, in  1.016 seconds
Platform modules already initialized, skipping
========================================================================
Worker process is ready to serve import requests
Launched and connected shader compiler UnityShaderCompiler.exe after 0.05 seconds
Refreshing native plugins compatible for Editor in 0.29 ms, found 2 plugins.
Preloading 0 native plugins for Editor in 0.00 ms.
Unloading 1386 Unused Serialized files (Serialized files now loaded: 0)
System memory in use before: 64.7 MB.
System memory in use after: 64.7 MB.

Unloading 19 unused Assets to reduce memory usage. Loaded Objects now: 1819.
Total: 3.147200 ms (FindLiveObjects: 0.181000 ms CreateObjectMapping: 0.100700 ms MarkObjects: 2.755400 ms  DeleteObjects: 0.108700 ms)

========================================================================
Received Import Request.
  path: Assets/Scenes/MainScene.unity
  artifactKey: Guid(9fc0d4010bbf28b4594072e72b8655ab) Importer(815301076,1909f56bfc062723c751e8b465ee728b)
Start importing Assets/Scenes/MainScene.unity using Guid(9fc0d4010bbf28b4594072e72b8655ab) Importer(815301076,1909f56bfc062723c751e8b465ee728b)  -> (artifact id: '2eaaf33d69664ddf1a3b5eab32e77dde') in 0.013159 seconds
  Import took 0.015635 seconds .

========================================================================
Received Import Request.
  Time since last request: 5.678658 seconds.
  path: Assets/Scenes/MenuScene.unity
  artifactKey: Guid(8c84446685980f04cabf7e7e189b0818) Importer(815301076,1909f56bfc062723c751e8b465ee728b)
Start importing Assets/Scenes/MenuScene.unity using Guid(8c84446685980f04cabf7e7e189b0818) Importer(815301076,1909f56bfc062723c751e8b465ee728b)  -> (artifact id: 'd399ca521fbb49a2855b1d23ea5f3c5b') in 0.001902 seconds
  Import took 0.004846 seconds .

========================================================================
Received Import Request.
  Time since last request: 0.003070 seconds.
  path: Assets/Scenes/MenuScene.unity
  artifactKey: Guid(8c84446685980f04cabf7e7e189b0818) Importer(815301076,1909f56bfc062723c751e8b465ee728b)
Start importing Assets/Scenes/MenuScene.unity using Guid(8c84446685980f04cabf7e7e189b0818) Importer(815301076,1909f56bfc062723c751e8b465ee728b)  -> (artifact id: 'd399ca521fbb49a2855b1d23ea5f3c5b') in 0.002089 seconds
  Import took 0.004825 seconds .

========================================================================
Received Import Request.
  Time since last request: 18.899614 seconds.
  path: Assets/Scenes/AnimationScene.unity
  artifactKey: Guid(fe4ae8679efca9341aff008c0d4ff669) Importer(815301076,1909f56bfc062723c751e8b465ee728b)
Start importing Assets/Scenes/AnimationScene.unity using Guid(fe4ae8679efca9341aff008c0d4ff669) Importer(815301076,1909f56bfc062723c751e8b465ee728b)  -> (artifact id: 'a2467d350c25353a9f7ff92ea6b9e0f3') in 0.001796 seconds
  Import took 0.004487 seconds .

